# JRE version: Java(TM) SE Runtime Environment (8.0_151-b12) (build 1.8.0_151-b12)
# Java VM: Java HotSpot(TM) 64-Bit Server VM (25.151-b12 mixed mode linux-amd64 compressed oops)
Heap:
 PSYoungGen      total 65536K, used 39426K [0x00000000e7000000, 0x00000000ebe00000, 0x0000000100000000)
  eden space 51200K, 73% used [0x00000000e7000000,0x00000000e94e1310,0x00000000ea200000)
  from space 14336K, 11% used [0x00000000eb000000,0x00000000eb19f878,0x00000000ebe00000)
  to   space 14336K, 0% used [0x00000000ea200000,0x00000000ea200000,0x00000000eb000000)
 ParOldGen       total 350208K, used 228791K [0x00000000b5000000, 0x00000000ca600000, 0x00000000e7000000)
  object space 350208K, 65% used [0x00000000b5000000,0x00000000c2f6df28,0x00000000ca600000)
 Metaspace       used 210693K, capacity 231168K, committed 231808K, reserved 1251328K
  class space    used 24415K, capacity 30087K, committed 30336K, reserved 1048576K
GC Heap History (10 events):
Event: 158917.779 GC heap before
{Heap before GC invocations=436 (full 16):
 PSYoungGen      total 62976K, used 47264K [0x00000000e7000000, 0x00000000ebf80000, 0x0000000100000000)
  eden space 47104K, 100% used [0x00000000e7000000,0x00000000e9e00000,0x00000000e9e00000)
  from space 15872K, 1% used [0x00000000e9e00000,0x00000000e9e28000,0x00000000ead80000)
  to   space 16384K, 0% used [0x00000000eaf80000,0x00000000eaf80000,0x00000000ebf80000)
 ParOldGen       total 350208K, used 228791K [0x00000000b5000000, 0x00000000ca600000, 0x00000000e7000000)
  object space 350208K, 65% used [0x00000000b5000000,0x00000000c2f6df28,0x00000000ca600000)
 Metaspace       used 210499K, capacity 230968K, committed 231552K, reserved 1251328K
  class space    used 24393K, capacity 30085K, committed 30336K, reserved 1048576K
Event: 158917.785 GC heap after
Heap after GC invocations=436 (full 16):
 PSYoungGen      total 64000K, used 847K [0x00000000e7000000, 0x00000000ebf00000, 0x0000000100000000)
  eden space 48128K, 0% used [0x00000000e7000000,0x00000000e7000000,0x00000000e9f00000)
  from space 15872K, 5% used [0x00000000eaf80000,0x00000000eb053d60,0x00000000ebf00000)
  to   space 16384K, 0% used [0x00000000e9f00000,0x00000000e9f00000,0x00000000eaf00000)
 ParOldGen       total 350208K, used 228791K [0x00000000b5000000, 0x00000000ca600000, 0x00000000e7000000)
  object space 350208K, 65% used [0x00000000b5000000,0x00000000c2f6df28,0x00000000ca600000)
 Metaspace       used 210499K, capacity 230968K, committed 231552K, reserved 1251328K
  class space    used 24393K, capacity 30085K, committed 30336K, reserved 1048576K
}
Event: 158921.312 GC heap before
{Heap before GC invocations=437 (full 16):
 PSYoungGen      total 64000K, used 48975K [0x00000000e7000000, 0x00000000ebf00000, 0x0000000100000000)
  eden space 48128K, 100% used [0x00000000e7000000,0x00000000e9f00000,0x00000000e9f00000)
  from space 15872K, 5% used [0x00000000eaf80000,0x00000000eb053d60,0x00000000ebf00000)
  to   space 16384K, 0% used [0x00000000e9f00000,0x00000000e9f00000,0x00000000eaf00000)
 ParOldGen       total 350208K, used 228791K [0x00000000b5000000, 0x00000000ca600000, 0x00000000e7000000)
  object space 350208K, 65% used [0x00000000b5000000,0x00000000c2f6df28,0x00000000ca600000)
 Metaspace       used 210501K, capacity 230968K, committed 231552K, reserved 1251328K
  class space    used 24393K, capacity 30085K, committed 30336K, reserved 1048576K
Event: 158921.321 GC heap after
Heap after GC invocations=437 (full 16):
 PSYoungGen      total 64512K, used 1308K [0x00000000e7000000, 0x00000000ebf00000, 0x0000000100000000)
  eden space 48128K, 0% used [0x00000000e7000000,0x00000000e7000000,0x00000000e9f00000)
  from space 16384K, 7% used [0x00000000e9f00000,0x00000000ea0473d8,0x00000000eaf00000)
  to   space 15872K, 0% used [0x00000000eaf80000,0x00000000eaf80000,0x00000000ebf00000)
 ParOldGen       total 350208K, used 228791K [0x00000000b5000000, 0x00000000ca600000, 0x00000000e7000000)
  object space 350208K, 65% used [0x00000000b5000000,0x00000000c2f6df28,0x00000000ca600000)
 Metaspace       used 210501K, capacity 230968K, committed 231552K, reserved 1251328K
  class space    used 24393K, capacity 30085K, committed 30336K, reserved 1048576K
}
Event: 158929.443 GC heap before
{Heap before GC invocations=438 (full 16):
 PSYoungGen      total 64512K, used 49436K [0x00000000e7000000, 0x00000000ebf00000, 0x0000000100000000)
  eden space 48128K, 100% used [0x00000000e7000000,0x00000000e9f00000,0x00000000e9f00000)
  from space 16384K, 7% used [0x00000000e9f00000,0x00000000ea0473d8,0x00000000eaf00000)
  to   space 15872K, 0% used [0x00000000eaf80000,0x00000000eaf80000,0x00000000ebf00000)
 ParOldGen       total 350208K, used 228791K [0x00000000b5000000, 0x00000000ca600000, 0x00000000e7000000)
  object space 350208K, 65% used [0x00000000b5000000,0x00000000c2f6df28,0x00000000ca600000)
 Metaspace       used 210502K, capacity 230968K, committed 231552K, reserved 1251328K
  class space    used 24393K, capacity 30085K, committed 30336K, reserved 1048576K
Event: 158929.451 GC heap after
Heap after GC invocations=438 (full 16):
 PSYoungGen      total 64000K, used 1308K [0x00000000e7000000, 0x00000000ebe00000, 0x0000000100000000)
  eden space 49152K, 0% used [0x00000000e7000000,0x00000000e7000000,0x00000000ea000000)
  from space 14848K, 8% used [0x00000000eaf80000,0x00000000eb0c73d8,0x00000000ebe00000)
  to   space 15360K, 0% used [0x00000000ea000000,0x00000000ea000000,0x00000000eaf00000)
 ParOldGen       total 350208K, used 228791K [0x00000000b5000000, 0x00000000ca600000, 0x00000000e7000000)
  object space 350208K, 65% used [0x00000000b5000000,0x00000000c2f6df28,0x00000000ca600000)
 Metaspace       used 210502K, capacity 230968K, committed 231552K, reserved 1251328K
  class space    used 24393K, capacity 30085K, committed 30336K, reserved 1048576K
}
Event: 158931.368 GC heap before
{Heap before GC invocations=439 (full 16):
 PSYoungGen      total 64000K, used 50460K [0x00000000e7000000, 0x00000000ebe00000, 0x0000000100000000)
  eden space 49152K, 100% used [0x00000000e7000000,0x00000000ea000000,0x00000000ea000000)
  from space 14848K, 8% used [0x00000000eaf80000,0x00000000eb0c73d8,0x00000000ebe00000)
  to   space 15360K, 0% used [0x00000000ea000000,0x00000000ea000000,0x00000000eaf00000)
 ParOldGen       total 350208K, used 228791K [0x00000000b5000000, 0x00000000ca600000, 0x00000000e7000000)
  object space 350208K, 65% used [0x00000000b5000000,0x00000000c2f6df28,0x00000000ca600000)
 Metaspace       used 210570K, capacity 231104K, committed 231808K, reserved 1251328K
  class space    used 24404K, capacity 30087K, committed 30336K, reserved 1048576K
Event: 158931.374 GC heap after
Heap after GC invocations=439 (full 16):
 PSYoungGen      total 64512K, used 1456K [0x00000000e7000000, 0x00000000ebf00000, 0x0000000100000000)
  eden space 49152K, 0% used [0x00000000e7000000,0x00000000e7000000,0x00000000ea000000)
  from space 15360K, 9% used [0x00000000ea000000,0x00000000ea16c1e0,0x00000000eaf00000)
  to   space 15360K, 0% used [0x00000000eb000000,0x00000000eb000000,0x00000000ebf00000)
 ParOldGen       total 350208K, used 228791K [0x00000000b5000000, 0x00000000ca600000, 0x00000000e7000000)
  object space 350208K, 65% used [0x00000000b5000000,0x00000000c2f6df28,0x00000000ca600000)
 Metaspace       used 210570K, capacity 231104K, committed 231808K, reserved 1251328K
  class space    used 24404K, capacity 30087K, committed 30336K, reserved 1048576K
}
Event: 158932.403 GC heap before
{Heap before GC invocations=440 (full 16):
 PSYoungGen      total 64512K, used 50608K [0x00000000e7000000, 0x00000000ebf00000, 0x0000000100000000)
  eden space 49152K, 100% used [0x00000000e7000000,0x00000000ea000000,0x00000000ea000000)
  from space 15360K, 9% used [0x00000000ea000000,0x00000000ea16c1e0,0x00000000eaf00000)
  to   space 15360K, 0% used [0x00000000eb000000,0x00000000eb000000,0x00000000ebf00000)
 ParOldGen       total 350208K, used 228791K [0x00000000b5000000, 0x00000000ca600000, 0x00000000e7000000)
  object space 350208K, 65% used [0x00000000b5000000,0x00000000c2f6df28,0x00000000ca600000)
 Metaspace       used 210659K, capacity 231168K, committed 231808K, reserved 1251328K
  class space    used 24413K, capacity 30087K, committed 30336K, reserved 1048576K
Event: 158932.422 GC heap after
Heap after GC invocations=440 (full 16):
 PSYoungGen      total 65536K, used 1662K [0x00000000e7000000, 0x00000000ebe00000, 0x0000000100000000)
  eden space 51200K, 0% used [0x00000000e7000000,0x00000000e7000000,0x00000000ea200000)
  from space 14336K, 11% used [0x00000000eb000000,0x00000000eb19f878,0x00000000ebe00000)
  to   space 14336K, 0% used [0x00000000ea200000,0x00000000ea200000,0x00000000eb000000)
 ParOldGen       total 350208K, used 228791K [0x00000000b5000000, 0x00000000ca600000, 0x00000000e7000000)
  object space 350208K, 65% used [0x00000000b5000000,0x00000000c2f6df28,0x00000000ca600000)
 Metaspace       used 210659K, capacity 231168K, committed 231808K, reserved 1251328K
  class space    used 24413K, capacity 30087K, committed 30336K, reserved 1048576K
}

