# JRE version: Java(TM) SE Runtime Environment (8.0_151-b12) (build 1.8.0_151-b12)
# Java VM: Java HotSpot(TM) 64-Bit Server VM (25.151-b12 mixed mode linux-amd64 compressed oops)
Heap:
 PSYoungGen      total 201728K, used 161444K [0x00000000e7000000, 0x00000000ffb00000, 0x0000000100000000)
  eden space 137216K, 70% used [0x00000000e7000000,0x00000000ecf12360,0x00000000ef600000)
  from space 64512K, 99% used [0x00000000ef600000,0x00000000f3497000,0x00000000f3500000)
  to   space 133632K, 0% used [0x00000000f7880000,0x00000000f7880000,0x00000000ffb00000)
 ParOldGen       total 158720K, used 141046K [0x00000000b5000000, 0x00000000beb00000, 0x00000000e7000000)
  object space 158720K, 88% used [0x00000000b5000000,0x00000000bd9bdb40,0x00000000beb00000)
 Metaspace       used 113951K, capacity 127670K, committed 127960K, reserved 1159168K
  class space    used 13533K, capacity 17288K, committed 17408K, reserved 1048576K
GC Heap History (10 events):
Event: 25.762 GC heap before
{Heap before GC invocations=40 (full 5):
 PSYoungGen      total 261120K, used 245634K [0x00000000e7000000, 0x0000000100000000, 0x0000000100000000)
  eden space 143360K, 95% used [0x00000000e7000000,0x00000000ef5d2ee8,0x00000000efc00000)
  from space 117760K, 92% used [0x00000000f8d00000,0x00000000ff70da80,0x0000000100000000)
  to   space 133120K, 0% used [0x00000000efc00000,0x00000000efc00000,0x00000000f7e00000)
 ParOldGen       total 158720K, used 97840K [0x00000000b5000000, 0x00000000beb00000, 0x00000000e7000000)
  object space 158720K, 61% used [0x00000000b5000000,0x00000000baf8c1d8,0x00000000beb00000)
 Metaspace       used 107680K, capacity 120318K, committed 120664K, reserved 1153024K
  class space    used 12709K, capacity 16159K, committed 16256K, reserved 1048576K
Event: 25.828 GC heap after
Heap after GC invocations=40 (full 5):
 PSYoungGen      total 235008K, used 91406K [0x00000000e7000000, 0x0000000100000000, 0x0000000100000000)
  eden space 143360K, 0% used [0x00000000e7000000,0x00000000e7000000,0x00000000efc00000)
  from space 91648K, 99% used [0x00000000efc00000,0x00000000f5543b68,0x00000000f5580000)
  to   space 136192K, 0% used [0x00000000f7b00000,0x00000000f7b00000,0x0000000100000000)
 ParOldGen       total 158720K, used 97840K [0x00000000b5000000, 0x00000000beb00000, 0x00000000e7000000)
  object space 158720K, 61% used [0x00000000b5000000,0x00000000baf8c1d8,0x00000000beb00000)
 Metaspace       used 107680K, capacity 120318K, committed 120664K, reserved 1153024K
  class space    used 12709K, capacity 16159K, committed 16256K, reserved 1048576K
}
Event: 26.364 GC heap before
{Heap before GC invocations=41 (full 5):
 PSYoungGen      total 235008K, used 234766K [0x00000000e7000000, 0x0000000100000000, 0x0000000100000000)
  eden space 143360K, 100% used [0x00000000e7000000,0x00000000efc00000,0x00000000efc00000)
  from space 91648K, 99% used [0x00000000efc00000,0x00000000f5543b68,0x00000000f5580000)
  to   space 136192K, 0% used [0x00000000f7b00000,0x00000000f7b00000,0x0000000100000000)
 ParOldGen       total 158720K, used 97840K [0x00000000b5000000, 0x00000000beb00000, 0x00000000e7000000)
  object space 158720K, 61% used [0x00000000b5000000,0x00000000baf8c1d8,0x00000000beb00000)
 Metaspace       used 107687K, capacity 120318K, committed 120664K, reserved 1153024K
  class space    used 12710K, capacity 16159K, committed 16256K, reserved 1048576K
Event: 26.435 GC heap after
Heap after GC invocations=41 (full 5):
 PSYoungGen      total 273408K, used 100931K [0x00000000e7000000, 0x0000000100000000, 0x0000000100000000)
  eden space 137216K, 0% used [0x00000000e7000000,0x00000000e7000000,0x00000000ef600000)
  from space 136192K, 74% used [0x00000000f7b00000,0x00000000fdd90f90,0x0000000100000000)
  to   space 136192K, 0% used [0x00000000ef600000,0x00000000ef600000,0x00000000f7b00000)
 ParOldGen       total 158720K, used 105286K [0x00000000b5000000, 0x00000000beb00000, 0x00000000e7000000)
  object space 158720K, 66% used [0x00000000b5000000,0x00000000bb6d1848,0x00000000beb00000)
 Metaspace       used 107687K, capacity 120318K, committed 120664K, reserved 1153024K
  class space    used 12710K, capacity 16159K, committed 16256K, reserved 1048576K
}
Event: 27.527 GC heap before
{Heap before GC invocations=42 (full 5):
 PSYoungGen      total 273408K, used 238147K [0x00000000e7000000, 0x0000000100000000, 0x0000000100000000)
  eden space 137216K, 100% used [0x00000000e7000000,0x00000000ef600000,0x00000000ef600000)
  from space 136192K, 74% used [0x00000000f7b00000,0x00000000fdd90f90,0x0000000100000000)
  to   space 136192K, 0% used [0x00000000ef600000,0x00000000ef600000,0x00000000f7b00000)
 ParOldGen       total 158720K, used 105286K [0x00000000b5000000, 0x00000000beb00000, 0x00000000e7000000)
  object space 158720K, 66% used [0x00000000b5000000,0x00000000bb6d1848,0x00000000beb00000)
 Metaspace       used 108039K, capacity 120890K, committed 120920K, reserved 1155072K
  class space    used 12753K, capacity 16239K, committed 16256K, reserved 1048576K
Event: 27.591 GC heap after
Heap after GC invocations=42 (full 5):
 PSYoungGen      total 273408K, used 77889K [0x00000000e7000000, 0x0000000100000000, 0x0000000100000000)
  eden space 137216K, 0% used [0x00000000e7000000,0x00000000e7000000,0x00000000ef600000)
  from space 136192K, 57% used [0x00000000ef600000,0x00000000f4210698,0x00000000f7b00000)
  to   space 136192K, 0% used [0x00000000f7b00000,0x00000000f7b00000,0x0000000100000000)
 ParOldGen       total 158720K, used 117791K [0x00000000b5000000, 0x00000000beb00000, 0x00000000e7000000)
  object space 158720K, 74% used [0x00000000b5000000,0x00000000bc307ea8,0x00000000beb00000)
 Metaspace       used 108039K, capacity 120890K, committed 120920K, reserved 1155072K
  class space    used 12753K, capacity 16239K, committed 16256K, reserved 1048576K
}
Event: 28.723 GC heap before
{Heap before GC invocations=43 (full 5):
 PSYoungGen      total 273408K, used 215105K [0x00000000e7000000, 0x0000000100000000, 0x0000000100000000)
  eden space 137216K, 100% used [0x00000000e7000000,0x00000000ef600000,0x00000000ef600000)
  from space 136192K, 57% used [0x00000000ef600000,0x00000000f4210698,0x00000000f7b00000)
  to   space 136192K, 0% used [0x00000000f7b00000,0x00000000f7b00000,0x0000000100000000)
 ParOldGen       total 158720K, used 117791K [0x00000000b5000000, 0x00000000beb00000, 0x00000000e7000000)
  object space 158720K, 74% used [0x00000000b5000000,0x00000000bc307ea8,0x00000000beb00000)
 Metaspace       used 112066K, capacity 125582K, committed 125656K, reserved 1157120K
  class space    used 13369K, capacity 17098K, committed 17152K, reserved 1048576K
Event: 28.810 GC heap after
Heap after GC invocations=43 (full 5):
 PSYoungGen      total 273408K, used 77680K [0x00000000e7000000, 0x0000000100000000, 0x0000000100000000)
  eden space 137216K, 0% used [0x00000000e7000000,0x00000000e7000000,0x00000000ef600000)
  from space 136192K, 57% used [0x00000000f7b00000,0x00000000fc6dc180,0x0000000100000000)
  to   space 136192K, 0% used [0x00000000ef600000,0x00000000ef600000,0x00000000f7b00000)
 ParOldGen       total 158720K, used 132170K [0x00000000b5000000, 0x00000000beb00000, 0x00000000e7000000)
  object space 158720K, 83% used [0x00000000b5000000,0x00000000bd112a18,0x00000000beb00000)
 Metaspace       used 112066K, capacity 125582K, committed 125656K, reserved 1157120K
  class space    used 13369K, capacity 17098K, committed 17152K, reserved 1048576K
}
Event: 31.066 GC heap before
{Heap before GC invocations=44 (full 5):
 PSYoungGen      total 273408K, used 214500K [0x00000000e7000000, 0x0000000100000000, 0x0000000100000000)
  eden space 137216K, 99% used [0x00000000e7000000,0x00000000ef59cfb8,0x00000000ef600000)
  from space 136192K, 57% used [0x00000000f7b00000,0x00000000fc6dc180,0x0000000100000000)
  to   space 136192K, 0% used [0x00000000ef600000,0x00000000ef600000,0x00000000f7b00000)
 ParOldGen       total 158720K, used 132170K [0x00000000b5000000, 0x00000000beb00000, 0x00000000e7000000)
  object space 158720K, 83% used [0x00000000b5000000,0x00000000bd112a18,0x00000000beb00000)
 Metaspace       used 113615K, capacity 127340K, committed 127704K, reserved 1159168K
  class space    used 13502K, capacity 17286K, committed 17408K, reserved 1048576K
Event: 31.135 GC heap after
Heap after GC invocations=44 (full 5):
 PSYoungGen      total 201728K, used 64092K [0x00000000e7000000, 0x00000000ffb00000, 0x0000000100000000)
  eden space 137216K, 0% used [0x00000000e7000000,0x00000000e7000000,0x00000000ef600000)
  from space 64512K, 99% used [0x00000000ef600000,0x00000000f3497000,0x00000000f3500000)
  to   space 133632K, 0% used [0x00000000f7880000,0x00000000f7880000,0x00000000ffb00000)
 ParOldGen       total 158720K, used 141046K [0x00000000b5000000, 0x00000000beb00000, 0x00000000e7000000)
  object space 158720K, 88% used [0x00000000b5000000,0x00000000bd9bdb40,0x00000000beb00000)
 Metaspace       used 113615K, capacity 127340K, committed 127704K, reserved 1159168K
  class space    used 13502K, capacity 17286K, committed 17408K, reserved 1048576K
}

